<?xml version="1.0" encoding="UTF-8"?>
<!-- Generated by org.testng.reporters.JUnitReportReporter -->
<testsuite hostname="Manishs-MacBook-Pro.local" failures="0" tests="1" name="com.mphasis.demo.SeleniumJenminsDemo.AppTest" time="10.658" errors="0" timestamp="2022-03-08T11:09:15 IST" skipped="0">
  <testcase classname="com.mphasis.demo.SeleniumJenminsDemo.AppTest" name="shouldTitleMatch" time="10.658"/>
  <system-out/>
</testsuite> <!-- com.mphasis.demo.SeleniumJenminsDemo.AppTest -->
